
R version 3.0.1 (2013-05-16) -- "Good Sport"
Copyright (C) 2013 The R Foundation for Statistical Computing
Platform: x86_64-unknown-linux-gnu (64-bit)

R is free software and comes with ABSOLUTELY NO WARRANTY.
You are welcome to redistribute it under certain conditions.
Type 'license()' or 'licence()' for distribution details.

  Natural language support but running in an English locale

R is a collaborative project with many contributors.
Type 'contributors()' for more information and
'citation()' on how to cite R or R packages in publications.

Type 'demo()' for some demos, 'help()' for on-line help, or
'help.start()' for an HTML browser interface to help.
Type 'q()' to quit R.

> rm(list=ls(all=TRUE))
> 
> #setwd("D:\\GitHub\\powerfamily")
> require(Matrix)
Loading required package: Matrix
Loading required package: lattice
> 
> # Main program
> source("M_GCDpower.R")
> source("O_utilities.R")
> source("M_FHTgen.R")
> 
> dyn.load("M_powerfamilyNET.so")
> 
> set.seed(1234)
> seeds = sample(1:1000, size=10*4*6*2)
> total.indep = 5
> seed.ind = 1
> 
> l2.list = c(0, 10^(-4), 10^(-2),1)
> qv.list = c(0.25, 0.5, 1, 2, 3, 5)
> avg.time.table = matrix(0, length(l2.list), length(qv.list))
> 
> for(indp in 1:total.indep)
+ {
+   print(paste(indp, " th independent run.", sep=""))
+   time.table = matrix(NA, length(l2.list), length(qv.list))
+   for(i in 1:length(l2.list)) # row
+   {
+     for(j in 1:length(qv.list)) # column
+     {
+       
+       l2 = l2.list[i]
+       qv = qv.list[j]
+       set.seed(seeds[seed.ind])
+       FHT = FHTgen(n=100, p=5000, rho=0.8)
+       x = FHT$x
+       y = FHT$y
+       seed.ind = seed.ind + 1
+       start1 = Sys.time()
+       m = gcdnetpower(x=x, y=y,
+                       lambda2=l2, qv=qv, method="power",eps=1e-8, standardize=F)
+       stop1 = Sys.time()
+       time.table[i,j] = difftime(stop1, start1, units="secs")
+     }
+   }
+   write.csv(time.table, file=paste("timetable_", indp, ".csv", sep=""))
+   avg.time.table = avg.time.table + time.table
+ }
[1] "1 th independent run."
[1] "2 th independent run."
[1] "3 th independent run."
[1] "4 th independent run."
[1] "5 th independent run."
> avg.time.table = avg.time.table / total.indep
> write.csv(avg.time.table, file="avg.time.table.csv")
> save(avg.time.table, file="avgtable.rda")
> 
> 
> #start1 = Sys.time()
> #m = gcdnetpower(x=dat$x, y=dat$y,
> #                lambda2=1.5, qv=2, method="power",eps=1e-8, standardize=F)
> #stop1 = Sys.time()
> #difftime(stop1, start1, units="secs")
> 
> 
> 
> proc.time()
   user  system elapsed 
960.623   0.252 961.955 
