
R version 3.0.1 (2013-05-16) -- "Good Sport"
Copyright (C) 2013 The R Foundation for Statistical Computing
Platform: x86_64-unknown-linux-gnu (64-bit)

R is free software and comes with ABSOLUTELY NO WARRANTY.
You are welcome to redistribute it under certain conditions.
Type 'license()' or 'licence()' for distribution details.

  Natural language support but running in an English locale

R is a collaborative project with many contributors.
Type 'contributors()' for more information and
'citation()' on how to cite R or R packages in publications.

Type 'demo()' for some demos, 'help()' for on-line help, or
'help.start()' for an HTML browser interface to help.
Type 'q()' to quit R.

> start1 = Sys.time()
> 
> l2 = 1
> qvalue = 1
> 
> 
> 
> load("dat.rda")
> 
> load("b0_6.rda")
> load("beta_6.rda")
> dim(betas_6)
Loading required package: Matrix
Loading required package: lattice
NULL
> dim(betas_6)
[1] 5000  100
> load("lambda_6.rda")
> 
> source("U_KKTcheckings.R")
> 
> kk = 2:5
> KKT.perc = rep(NA, 4)
> for(i in 1:length(kk))
+ {
+   KKT.perc[i] = KKT(b0_6, betas_6, dat$y, dat$x, lambda_6, lambda2=l2, thr=10^(-kk[i]), 
+                     qv=qvalue, loss = c("power"), print.out=F)
+   write.csv(KKT.perc[i], file=paste("thr6_", kk[i], ".csv", sep=""))
+ }
> 
> write.csv(KKT.perc, file="KKT6.csv")
> KKT.perc
[1] 0.0148 6.8716 8.6414 8.8498
> 
> 
> load("b0_7.rda")
> load("beta_7.rda")
> load("lambda_7.rda")
> 
> dim(betas_7)
[1] 5000  100
> dim(betas_7)
[1] 5000  100
> 
> kk = 2:5
> KKT.perc = rep(NA, 4)
> for(i in 1:length(kk))
+ {
+   KKT.perc[i] = KKT(b0_7, betas_7, dat$y, dat$x, lambda_7, lambda2=l2, thr=10^(-kk[i]), 
+                     qv=qvalue, loss = c("power"), print.out=F)
+   write.csv(KKT.perc[i], file=paste("thr7_", kk[i], ".csv", sep=""))
+ }
> 
> write.csv(KKT.perc, file="KKT7.csv")
> KKT.perc
[1] 0.0000 3.3812 7.3822 7.8356
> 
> 
> load("b0_8.rda")
> load("beta_8.rda")
> load("lambda_8.rda")
> 
> dim(betas_8)
[1] 5000  100
> dim(betas_8)
[1] 5000  100
> 
> kk = 2:5
> KKT.perc = rep(NA, 4)
> for(i in 1:length(kk))
+ {
+   KKT.perc[i] = KKT(b0_8, betas_8, dat$y, dat$x, lambda_8, lambda2=l2, thr=10^(-kk[i]), 
+                     qv=qvalue, loss = c("power"), print.out=F)
+   write.csv(KKT.perc[i], file=paste("thr8_", kk[i], ".csv", sep=""))
+ }
> 
> write.csv(KKT.perc, file="KKT8.csv")
> KKT.perc
[1] 0.0000 0.0232 4.7794 7.1738
> 
> 
> load("b0_9.rda")
> load("beta_9.rda")
> load("lambda_9.rda")
> 
> dim(betas_9)
[1] 5000  100
> dim(betas_9)
[1] 5000  100
> 
> kk = 2:5
> KKT.perc = rep(NA, 4)
> for(i in 1:length(kk))
+ {
+   KKT.perc[i] = KKT(b0_9, betas_9, dat$y, dat$x, lambda_9, lambda2=l2, thr=10^(-kk[i]), 
+                     qv=qvalue, loss = c("power"), print.out=F)
+   write.csv(KKT.perc[i], file=paste("thr9_", kk[i], ".csv", sep=""))
+ }
> 
> write.csv(KKT.perc, file="KKT9.csv")
> KKT.perc
[1] 0.0000 0.0000 1.2126 6.4092
> 
> 
> load("b0_10.rda")
> load("beta_10.rda")
> load("lambda_10.rda")
> 
> dim(betas_10)
[1] 5000  100
> dim(betas_10)
[1] 5000  100
> 
> kk = 2:5
> KKT.perc = rep(NA, 4)
> for(i in 1:length(kk))
+ {
+   KKT.perc[i] = KKT(b0_10, betas_10, dat$y, dat$x, lambda_10, lambda2=l2, thr=10^(-kk[i]), 
+                     qv=qvalue, loss = c("power"), print.out=F)
+   write.csv(KKT.perc[i], file=paste("thr10_", kk[i], ".csv", sep=""))
+ }
> 
> write.csv(KKT.perc, file="KKT10.csv")
> 
> KKT.perc
[1] 0.0000 0.0000 0.0764 4.0636
> 
> stop1 = Sys.time()
> difftime(stop1, start1, units="secs")
Time difference of 12296.27 secs
> 
> proc.time()
     user    system   elapsed 
12264.424     0.249 12296.746 
